<?xml version="1.0" encoding="UTF-8"?>
<testng-results skipped="0" failed="0" total="1" passed="1">
  <reporter-output>
  </reporter-output>
  <suite name="Sample Test Suite" duration-ms="21090" started-at="2020-03-09T05:33:07Z" finished-at="2020-03-09T05:33:28Z">
    <groups>
    </groups>
    <test name="L" duration-ms="21090" started-at="2020-03-09T05:33:07Z" finished-at="2020-03-09T05:33:28Z">
      <class name="Jaswanth.Automation.Script.SampleTest">
        <test-method status="PASS" signature="beforeTest(java.lang.String)[pri:0, instance:Jaswanth.Automation.Script.SampleTest@d62f43]" name="beforeTest" is-config="true" duration-ms="3656" started-at="2020-03-09T11:03:08Z" finished-at="2020-03-09T11:03:12Z">
          <params>
            <param index="0">
              <value>
                <![CDATA[chrome]]>
              </value>
            </param>
          </params>
          <reporter-output>
          </reporter-output>
        </test-method> <!-- beforeTest -->
        <test-method status="PASS" signature="test(java.lang.String)[pri:0, instance:Jaswanth.Automation.Script.SampleTest@d62f43]" name="test" duration-ms="16128" started-at="2020-03-09T11:03:12Z" data-provider="readExcelData" finished-at="2020-03-09T11:03:28Z">
          <params>
            <param index="0">
              <value>
                <![CDATA[chrome]]>
              </value>
            </param>
          </params>
          <reporter-output>
          </reporter-output>
        </test-method> <!-- test -->
      </class> <!-- Jaswanth.Automation.Script.SampleTest -->
    </test> <!-- L -->
  </suite> <!-- Sample Test Suite -->
</testng-results>
